<?xml version="1.0" encoding="UTF-8"?>
<testng-results ignored="0" total="2" passed="2" failed="0" skipped="0">
  <reporter-output>
  </reporter-output>
  <suite started-at="2024-02-08T18:35:43Z" name="TestSuite" finished-at="2024-02-08T18:35:55Z" duration-ms="11560">
    <groups>
    </groups>
    <test started-at="2024-02-08T18:35:43Z" name="ChromeTest" finished-at="2024-02-08T18:35:52Z" duration-ms="9254">
      <class name="CrossBrowserTest">
        <test-method is-config="true" signature="setupTest(java.lang.String)[pri:0, instance:CrossBrowserTest@184cf7cf]" started-at="2024-02-08T18:35:43Z" name="setupTest" finished-at="2024-02-08T18:35:45Z" duration-ms="1370" status="PASS">
          <params>
            <param index="0">
              <value>
                <![CDATA[Chrome]]>
              </value>
            </param>
          </params>
          <reporter-output>
          </reporter-output>
        </test-method> <!-- setupTest -->
        <test-method signature="GamesBrowserTest()[pri:0, instance:CrossBrowserTest@184cf7cf]" started-at="2024-02-08T18:35:45Z" name="GamesBrowserTest" finished-at="2024-02-08T18:35:52Z" duration-ms="7765" status="PASS">
          <reporter-output>
          </reporter-output>
        </test-method> <!-- GamesBrowserTest -->
        <test-method is-config="true" signature="teardownTest()[pri:0, instance:CrossBrowserTest@184cf7cf]" started-at="2024-02-08T18:35:52Z" name="teardownTest" finished-at="2024-02-08T18:35:52Z" duration-ms="110" status="PASS">
          <reporter-output>
          </reporter-output>
        </test-method> <!-- teardownTest -->
      </class> <!-- CrossBrowserTest -->
    </test> <!-- ChromeTest -->
    <test started-at="2024-02-08T18:35:43Z" name="FirefoxTest" finished-at="2024-02-08T18:35:55Z" duration-ms="11560">
      <class name="CrossBrowserTest">
        <test-method is-config="true" signature="setupTest(java.lang.String)[pri:0, instance:CrossBrowserTest@229d10bd]" started-at="2024-02-08T18:35:43Z" name="setupTest" finished-at="2024-02-08T18:35:46Z" duration-ms="2829" status="PASS">
          <params>
            <param index="0">
              <value>
                <![CDATA[Firefox]]>
              </value>
            </param>
          </params>
          <reporter-output>
          </reporter-output>
        </test-method> <!-- setupTest -->
        <test-method signature="GamesBrowserTest()[pri:0, instance:CrossBrowserTest@229d10bd]" started-at="2024-02-08T18:35:46Z" name="GamesBrowserTest" finished-at="2024-02-08T18:35:54Z" duration-ms="8070" status="PASS">
          <reporter-output>
          </reporter-output>
        </test-method> <!-- GamesBrowserTest -->
        <test-method is-config="true" signature="teardownTest()[pri:0, instance:CrossBrowserTest@229d10bd]" started-at="2024-02-08T18:35:54Z" name="teardownTest" finished-at="2024-02-08T18:35:55Z" duration-ms="653" status="PASS">
          <reporter-output>
          </reporter-output>
        </test-method> <!-- teardownTest -->
      </class> <!-- CrossBrowserTest -->
    </test> <!-- FirefoxTest -->
  </suite> <!-- TestSuite -->
</testng-results>
